0 info it worked if it ends with ok
1 verbose cli [ '/usr/local/bin/node', '/usr/local/bin/npm', 'stop' ]
2 info using npm@2.10.1
3 info using node@v0.12.4
4 verbose node symlink /usr/local/bin/node
5 verbose stack Error: missing script: stop
5 verbose stack     at run (/opt/node-v0.12.4-linux-x64/lib/node_modules/npm/lib/run-script.js:142:19)
5 verbose stack     at /opt/node-v0.12.4-linux-x64/lib/node_modules/npm/lib/run-script.js:58:5
5 verbose stack     at /opt/node-v0.12.4-linux-x64/lib/node_modules/npm/node_modules/read-package-json/read-json.js:345:5
5 verbose stack     at checkBinReferences_ (/opt/node-v0.12.4-linux-x64/lib/node_modules/npm/node_modules/read-package-json/read-json.js:309:45)
5 verbose stack     at final (/opt/node-v0.12.4-linux-x64/lib/node_modules/npm/node_modules/read-package-json/read-json.js:343:3)
5 verbose stack     at then (/opt/node-v0.12.4-linux-x64/lib/node_modules/npm/node_modules/read-package-json/read-json.js:113:5)
5 verbose stack     at /opt/node-v0.12.4-linux-x64/lib/node_modules/npm/node_modules/read-package-json/read-json.js:300:12
5 verbose stack     at evalmachine.<anonymous>:334:14
5 verbose stack     at /opt/node-v0.12.4-linux-x64/lib/node_modules/npm/node_modules/graceful-fs/graceful-fs.js:102:5
5 verbose stack     at FSReqWrap.oncomplete (evalmachine.<anonymous>:95:15)
6 verbose cwd /home/lukas/Nodejs/curso/T6/proyecto/quiz
7 error Linux 3.16.0-0.bpo.4-amd64
8 error argv "/usr/local/bin/node" "/usr/local/bin/npm" "stop"
9 error node v0.12.4
10 error npm  v2.10.1
11 error missing script: stop
12 error If you need help, you may report this error at:
12 error     <https://github.com/npm/npm/issues>
13 verbose exit [ 1, true ]
